2018-04-08 01:30:59 Error: [Cake\Controller\Exception\MissingComponentException] Component class UserAuthComponent could not be found.
Exception Attributes: array (
  'class' => 'UserAuthComponent',
  'plugin' => 'Usermgmt',
)
Request URL: /
Stack Trace:
#0 C:\xampp\htdocs\comedyworx\vendor\cakephp\cakephp\src\Core\ObjectRegistry.php(94): Cake\Controller\ComponentRegistry->_throwMissingClassError('UserAuth', 'Usermgmt')
#1 C:\xampp\htdocs\comedyworx\vendor\cakephp\cakephp\src\Controller\Controller.php(324): Cake\Core\ObjectRegistry->load('Usermgmt.UserAu...', Array)
#2 C:\xampp\htdocs\comedyworx\vendor\cakephp\cakephp\src\Controller\Controller.php(486): Cake\Controller\Controller->loadComponent('Usermgmt.UserAu...', Array)
#3 C:\xampp\htdocs\comedyworx\vendor\cakephp\cakephp\src\Controller\Controller.php(266): Cake\Controller\Controller->_loadComponents()
#4 [internal function]: Cake\Controller\Controller->__construct(Object(Cake\Http\ServerRequest), Object(Cake\Http\Response))
#5 C:\xampp\htdocs\comedyworx\vendor\cakephp\cakephp\src\Http\ControllerFactory.php(45): ReflectionClass->newInstance(Object(Cake\Http\ServerRequest), Object(Cake\Http\Response))
#6 C:\xampp\htdocs\comedyworx\vendor\cakephp\cakephp\src\Http\ActionDispatcher.php(90): Cake\Http\ControllerFactory->create(Object(Cake\Http\ServerRequest), Object(Cake\Http\Response))
#7 C:\xampp\htdocs\comedyworx\vendor\cakephp\cakephp\src\Http\BaseApplication.php(108): Cake\Http\ActionDispatcher->dispatch(Object(Cake\Http\ServerRequest), Object(Cake\Http\Response))
#8 C:\xampp\htdocs\comedyworx\vendor\cakephp\cakephp\src\Http\Runner.php(65): Cake\Http\BaseApplication->__invoke(Object(Cake\Http\ServerRequest), Object(Cake\Http\Response), Object(Cake\Http\Runner))
#9 C:\xampp\htdocs\comedyworx\vendor\cakephp\cakephp\src\Routing\Middleware\RoutingMiddleware.php(104): Cake\Http\Runner->__invoke(Object(Cake\Http\ServerRequest), Object(Cake\Http\Response))
#10 C:\xampp\htdocs\comedyworx\vendor\cakephp\cakephp\src\Http\Runner.php(65): Cake\Routing\Middleware\RoutingMiddleware->__invoke(Object(Cake\Http\ServerRequest), Object(Cake\Http\Response), Object(Cake\Http\Runner))
#11 C:\xampp\htdocs\comedyworx\vendor\cakephp\cakephp\src\Routing\Middleware\AssetMiddleware.php(88): Cake\Http\Runner->__invoke(Object(Cake\Http\ServerRequest), Object(Cake\Http\Response))
#12 C:\xampp\htdocs\comedyworx\vendor\cakephp\cakephp\src\Http\Runner.php(65): Cake\Routing\Middleware\AssetMiddleware->__invoke(Object(Cake\Http\ServerRequest), Object(Cake\Http\Response), Object(Cake\Http\Runner))
#13 C:\xampp\htdocs\comedyworx\vendor\cakephp\cakephp\src\Error\Middleware\ErrorHandlerMiddleware.php(98): Cake\Http\Runner->__invoke(Object(Cake\Http\ServerRequest), Object(Cake\Http\Response))
#14 C:\xampp\htdocs\comedyworx\vendor\cakephp\cakephp\src\Http\Runner.php(65): Cake\Error\Middleware\ErrorHandlerMiddleware->__invoke(Object(Cake\Http\ServerRequest), Object(Cake\Http\Response), Object(Cake\Http\Runner))
#15 C:\xampp\htdocs\comedyworx\vendor\cakephp\debug_kit\src\Middleware\DebugKitMiddleware.php(52): Cake\Http\Runner->__invoke(Object(Cake\Http\ServerRequest), Object(Cake\Http\Response))
#16 C:\xampp\htdocs\comedyworx\vendor\cakephp\cakephp\src\Http\Runner.php(65): DebugKit\Middleware\DebugKitMiddleware->__invoke(Object(Cake\Http\ServerRequest), Object(Cake\Http\Response), Object(Cake\Http\Runner))
#17 C:\xampp\htdocs\comedyworx\vendor\cakephp\cakephp\src\Http\Runner.php(51): Cake\Http\Runner->__invoke(Object(Cake\Http\ServerRequest), Object(Cake\Http\Response))
#18 C:\xampp\htdocs\comedyworx\vendor\cakephp\cakephp\src\Http\Server.php(81): Cake\Http\Runner->run(Object(Cake\Http\MiddlewareQueue), Object(Cake\Http\ServerRequest), Object(Cake\Http\Response))
#19 C:\xampp\htdocs\comedyworx\webroot\index.php(40): Cake\Http\Server->run()
#20 {main}


2018-04-08 01:33:26 Error: [Cake\Controller\Exception\MissingComponentException] Component class UserAuthComponent could not be found.
Exception Attributes: array (
  'class' => 'UserAuthComponent',
  'plugin' => 'Usermgmt',
)
Request URL: /
Stack Trace:
#0 C:\xampp\htdocs\comedyworx\vendor\cakephp\cakephp\src\Core\ObjectRegistry.php(94): Cake\Controller\ComponentRegistry->_throwMissingClassError('UserAuth', 'Usermgmt')
#1 C:\xampp\htdocs\comedyworx\vendor\cakephp\cakephp\src\Controller\Controller.php(324): Cake\Core\ObjectRegistry->load('Usermgmt.UserAu...', Array)
#2 C:\xampp\htdocs\comedyworx\vendor\cakephp\cakephp\src\Controller\Controller.php(486): Cake\Controller\Controller->loadComponent('Usermgmt.UserAu...', Array)
#3 C:\xampp\htdocs\comedyworx\vendor\cakephp\cakephp\src\Controller\Controller.php(266): Cake\Controller\Controller->_loadComponents()
#4 [internal function]: Cake\Controller\Controller->__construct(Object(Cake\Http\ServerRequest), Object(Cake\Http\Response))
#5 C:\xampp\htdocs\comedyworx\vendor\cakephp\cakephp\src\Http\ControllerFactory.php(45): ReflectionClass->newInstance(Object(Cake\Http\ServerRequest), Object(Cake\Http\Response))
#6 C:\xampp\htdocs\comedyworx\vendor\cakephp\cakephp\src\Http\ActionDispatcher.php(90): Cake\Http\ControllerFactory->create(Object(Cake\Http\ServerRequest), Object(Cake\Http\Response))
#7 C:\xampp\htdocs\comedyworx\vendor\cakephp\cakephp\src\Http\BaseApplication.php(108): Cake\Http\ActionDispatcher->dispatch(Object(Cake\Http\ServerRequest), Object(Cake\Http\Response))
#8 C:\xampp\htdocs\comedyworx\vendor\cakephp\cakephp\src\Http\Runner.php(65): Cake\Http\BaseApplication->__invoke(Object(Cake\Http\ServerRequest), Object(Cake\Http\Response), Object(Cake\Http\Runner))
#9 C:\xampp\htdocs\comedyworx\vendor\cakephp\cakephp\src\Routing\Middleware\RoutingMiddleware.php(104): Cake\Http\Runner->__invoke(Object(Cake\Http\ServerRequest), Object(Cake\Http\Response))
#10 C:\xampp\htdocs\comedyworx\vendor\cakephp\cakephp\src\Http\Runner.php(65): Cake\Routing\Middleware\RoutingMiddleware->__invoke(Object(Cake\Http\ServerRequest), Object(Cake\Http\Response), Object(Cake\Http\Runner))
#11 C:\xampp\htdocs\comedyworx\vendor\cakephp\cakephp\src\Routing\Middleware\AssetMiddleware.php(88): Cake\Http\Runner->__invoke(Object(Cake\Http\ServerRequest), Object(Cake\Http\Response))
#12 C:\xampp\htdocs\comedyworx\vendor\cakephp\cakephp\src\Http\Runner.php(65): Cake\Routing\Middleware\AssetMiddleware->__invoke(Object(Cake\Http\ServerRequest), Object(Cake\Http\Response), Object(Cake\Http\Runner))
#13 C:\xampp\htdocs\comedyworx\vendor\cakephp\cakephp\src\Error\Middleware\ErrorHandlerMiddleware.php(98): Cake\Http\Runner->__invoke(Object(Cake\Http\ServerRequest), Object(Cake\Http\Response))
#14 C:\xampp\htdocs\comedyworx\vendor\cakephp\cakephp\src\Http\Runner.php(65): Cake\Error\Middleware\ErrorHandlerMiddleware->__invoke(Object(Cake\Http\ServerRequest), Object(Cake\Http\Response), Object(Cake\Http\Runner))
#15 C:\xampp\htdocs\comedyworx\vendor\cakephp\debug_kit\src\Middleware\DebugKitMiddleware.php(52): Cake\Http\Runner->__invoke(Object(Cake\Http\ServerRequest), Object(Cake\Http\Response))
#16 C:\xampp\htdocs\comedyworx\vendor\cakephp\cakephp\src\Http\Runner.php(65): DebugKit\Middleware\DebugKitMiddleware->__invoke(Object(Cake\Http\ServerRequest), Object(Cake\Http\Response), Object(Cake\Http\Runner))
#17 C:\xampp\htdocs\comedyworx\vendor\cakephp\cakephp\src\Http\Runner.php(51): Cake\Http\Runner->__invoke(Object(Cake\Http\ServerRequest), Object(Cake\Http\Response))
#18 C:\xampp\htdocs\comedyworx\vendor\cakephp\cakephp\src\Http\Server.php(81): Cake\Http\Runner->run(Object(Cake\Http\MiddlewareQueue), Object(Cake\Http\ServerRequest), Object(Cake\Http\Response))
#19 C:\xampp\htdocs\comedyworx\webroot\index.php(40): Cake\Http\Server->run()
#20 {main}


2018-04-08 01:37:30 Error: [Cake\Controller\Exception\MissingComponentException] Component class UserAuthComponent could not be found.
Exception Attributes: array (
  'class' => 'UserAuthComponent',
  'plugin' => 'Usermgmt',
)
Request URL: /
Stack Trace:
#0 C:\xampp\htdocs\comedyworx\vendor\cakephp\cakephp\src\Core\ObjectRegistry.php(94): Cake\Controller\ComponentRegistry->_throwMissingClassError('UserAuth', 'Usermgmt')
#1 C:\xampp\htdocs\comedyworx\vendor\cakephp\cakephp\src\Controller\Controller.php(324): Cake\Core\ObjectRegistry->load('Usermgmt.UserAu...', Array)
#2 C:\xampp\htdocs\comedyworx\vendor\cakephp\cakephp\src\Controller\Controller.php(486): Cake\Controller\Controller->loadComponent('Usermgmt.UserAu...', Array)
#3 C:\xampp\htdocs\comedyworx\vendor\cakephp\cakephp\src\Controller\Controller.php(266): Cake\Controller\Controller->_loadComponents()
#4 [internal function]: Cake\Controller\Controller->__construct(Object(Cake\Http\ServerRequest), Object(Cake\Http\Response))
#5 C:\xampp\htdocs\comedyworx\vendor\cakephp\cakephp\src\Http\ControllerFactory.php(45): ReflectionClass->newInstance(Object(Cake\Http\ServerRequest), Object(Cake\Http\Response))
#6 C:\xampp\htdocs\comedyworx\vendor\cakephp\cakephp\src\Http\ActionDispatcher.php(90): Cake\Http\ControllerFactory->create(Object(Cake\Http\ServerRequest), Object(Cake\Http\Response))
#7 C:\xampp\htdocs\comedyworx\vendor\cakephp\cakephp\src\Http\BaseApplication.php(108): Cake\Http\ActionDispatcher->dispatch(Object(Cake\Http\ServerRequest), Object(Cake\Http\Response))
#8 C:\xampp\htdocs\comedyworx\vendor\cakephp\cakephp\src\Http\Runner.php(65): Cake\Http\BaseApplication->__invoke(Object(Cake\Http\ServerRequest), Object(Cake\Http\Response), Object(Cake\Http\Runner))
#9 C:\xampp\htdocs\comedyworx\vendor\cakephp\cakephp\src\Routing\Middleware\RoutingMiddleware.php(104): Cake\Http\Runner->__invoke(Object(Cake\Http\ServerRequest), Object(Cake\Http\Response))
#10 C:\xampp\htdocs\comedyworx\vendor\cakephp\cakephp\src\Http\Runner.php(65): Cake\Routing\Middleware\RoutingMiddleware->__invoke(Object(Cake\Http\ServerRequest), Object(Cake\Http\Response), Object(Cake\Http\Runner))
#11 C:\xampp\htdocs\comedyworx\vendor\cakephp\cakephp\src\Routing\Middleware\AssetMiddleware.php(88): Cake\Http\Runner->__invoke(Object(Cake\Http\ServerRequest), Object(Cake\Http\Response))
#12 C:\xampp\htdocs\comedyworx\vendor\cakephp\cakephp\src\Http\Runner.php(65): Cake\Routing\Middleware\AssetMiddleware->__invoke(Object(Cake\Http\ServerRequest), Object(Cake\Http\Response), Object(Cake\Http\Runner))
#13 C:\xampp\htdocs\comedyworx\vendor\cakephp\cakephp\src\Error\Middleware\ErrorHandlerMiddleware.php(98): Cake\Http\Runner->__invoke(Object(Cake\Http\ServerRequest), Object(Cake\Http\Response))
#14 C:\xampp\htdocs\comedyworx\vendor\cakephp\cakephp\src\Http\Runner.php(65): Cake\Error\Middleware\ErrorHandlerMiddleware->__invoke(Object(Cake\Http\ServerRequest), Object(Cake\Http\Response), Object(Cake\Http\Runner))
#15 C:\xampp\htdocs\comedyworx\vendor\cakephp\debug_kit\src\Middleware\DebugKitMiddleware.php(52): Cake\Http\Runner->__invoke(Object(Cake\Http\ServerRequest), Object(Cake\Http\Response))
#16 C:\xampp\htdocs\comedyworx\vendor\cakephp\cakephp\src\Http\Runner.php(65): DebugKit\Middleware\DebugKitMiddleware->__invoke(Object(Cake\Http\ServerRequest), Object(Cake\Http\Response), Object(Cake\Http\Runner))
#17 C:\xampp\htdocs\comedyworx\vendor\cakephp\cakephp\src\Http\Runner.php(51): Cake\Http\Runner->__invoke(Object(Cake\Http\ServerRequest), Object(Cake\Http\Response))
#18 C:\xampp\htdocs\comedyworx\vendor\cakephp\cakephp\src\Http\Server.php(81): Cake\Http\Runner->run(Object(Cake\Http\MiddlewareQueue), Object(Cake\Http\ServerRequest), Object(Cake\Http\Response))
#19 C:\xampp\htdocs\comedyworx\webroot\index.php(40): Cake\Http\Server->run()
#20 {main}


2018-04-08 01:39:41 Error: [Cake\Controller\Exception\MissingComponentException] Component class UserAuthComponent could not be found.
Exception Attributes: array (
  'class' => 'UserAuthComponent',
  'plugin' => 'Usermgmt',
)
Request URL: /
Stack Trace:
#0 C:\xampp\htdocs\comedyworx\vendor\cakephp\cakephp\src\Core\ObjectRegistry.php(94): Cake\Controller\ComponentRegistry->_throwMissingClassError('UserAuth', 'Usermgmt')
#1 C:\xampp\htdocs\comedyworx\vendor\cakephp\cakephp\src\Controller\Controller.php(324): Cake\Core\ObjectRegistry->load('Usermgmt.UserAu...', Array)
#2 C:\xampp\htdocs\comedyworx\vendor\cakephp\cakephp\src\Controller\Controller.php(486): Cake\Controller\Controller->loadComponent('Usermgmt.UserAu...', Array)
#3 C:\xampp\htdocs\comedyworx\vendor\cakephp\cakephp\src\Controller\Controller.php(266): Cake\Controller\Controller->_loadComponents()
#4 [internal function]: Cake\Controller\Controller->__construct(Object(Cake\Http\ServerRequest), Object(Cake\Http\Response))
#5 C:\xampp\htdocs\comedyworx\vendor\cakephp\cakephp\src\Http\ControllerFactory.php(45): ReflectionClass->newInstance(Object(Cake\Http\ServerRequest), Object(Cake\Http\Response))
#6 C:\xampp\htdocs\comedyworx\vendor\cakephp\cakephp\src\Http\ActionDispatcher.php(90): Cake\Http\ControllerFactory->create(Object(Cake\Http\ServerRequest), Object(Cake\Http\Response))
#7 C:\xampp\htdocs\comedyworx\vendor\cakephp\cakephp\src\Http\BaseApplication.php(108): Cake\Http\ActionDispatcher->dispatch(Object(Cake\Http\ServerRequest), Object(Cake\Http\Response))
#8 C:\xampp\htdocs\comedyworx\vendor\cakephp\cakephp\src\Http\Runner.php(65): Cake\Http\BaseApplication->__invoke(Object(Cake\Http\ServerRequest), Object(Cake\Http\Response), Object(Cake\Http\Runner))
#9 C:\xampp\htdocs\comedyworx\vendor\cakephp\cakephp\src\Routing\Middleware\RoutingMiddleware.php(104): Cake\Http\Runner->__invoke(Object(Cake\Http\ServerRequest), Object(Cake\Http\Response))
#10 C:\xampp\htdocs\comedyworx\vendor\cakephp\cakephp\src\Http\Runner.php(65): Cake\Routing\Middleware\RoutingMiddleware->__invoke(Object(Cake\Http\ServerRequest), Object(Cake\Http\Response), Object(Cake\Http\Runner))
#11 C:\xampp\htdocs\comedyworx\vendor\cakephp\cakephp\src\Routing\Middleware\AssetMiddleware.php(88): Cake\Http\Runner->__invoke(Object(Cake\Http\ServerRequest), Object(Cake\Http\Response))
#12 C:\xampp\htdocs\comedyworx\vendor\cakephp\cakephp\src\Http\Runner.php(65): Cake\Routing\Middleware\AssetMiddleware->__invoke(Object(Cake\Http\ServerRequest), Object(Cake\Http\Response), Object(Cake\Http\Runner))
#13 C:\xampp\htdocs\comedyworx\vendor\cakephp\cakephp\src\Error\Middleware\ErrorHandlerMiddleware.php(98): Cake\Http\Runner->__invoke(Object(Cake\Http\ServerRequest), Object(Cake\Http\Response))
#14 C:\xampp\htdocs\comedyworx\vendor\cakephp\cakephp\src\Http\Runner.php(65): Cake\Error\Middleware\ErrorHandlerMiddleware->__invoke(Object(Cake\Http\ServerRequest), Object(Cake\Http\Response), Object(Cake\Http\Runner))
#15 C:\xampp\htdocs\comedyworx\vendor\cakephp\debug_kit\src\Middleware\DebugKitMiddleware.php(52): Cake\Http\Runner->__invoke(Object(Cake\Http\ServerRequest), Object(Cake\Http\Response))
#16 C:\xampp\htdocs\comedyworx\vendor\cakephp\cakephp\src\Http\Runner.php(65): DebugKit\Middleware\DebugKitMiddleware->__invoke(Object(Cake\Http\ServerRequest), Object(Cake\Http\Response), Object(Cake\Http\Runner))
#17 C:\xampp\htdocs\comedyworx\vendor\cakephp\cakephp\src\Http\Runner.php(51): Cake\Http\Runner->__invoke(Object(Cake\Http\ServerRequest), Object(Cake\Http\Response))
#18 C:\xampp\htdocs\comedyworx\vendor\cakephp\cakephp\src\Http\Server.php(81): Cake\Http\Runner->run(Object(Cake\Http\MiddlewareQueue), Object(Cake\Http\ServerRequest), Object(Cake\Http\Response))
#19 C:\xampp\htdocs\comedyworx\webroot\index.php(40): Cake\Http\Server->run()
#20 {main}


2018-04-09 01:21:44 Error: [Cake\Controller\Exception\MissingComponentException] Component class UserAuthComponent could not be found.
Exception Attributes: array (
  'class' => 'UserAuthComponent',
  'plugin' => 'Usermgmt',
)
Request URL: /
Stack Trace:
#0 C:\xampp\htdocs\comedyworx\vendor\cakephp\cakephp\src\Core\ObjectRegistry.php(94): Cake\Controller\ComponentRegistry->_throwMissingClassError('UserAuth', 'Usermgmt')
#1 C:\xampp\htdocs\comedyworx\vendor\cakephp\cakephp\src\Controller\Controller.php(324): Cake\Core\ObjectRegistry->load('Usermgmt.UserAu...', Array)
#2 C:\xampp\htdocs\comedyworx\vendor\cakephp\cakephp\src\Controller\Controller.php(486): Cake\Controller\Controller->loadComponent('Usermgmt.UserAu...', Array)
#3 C:\xampp\htdocs\comedyworx\vendor\cakephp\cakephp\src\Controller\Controller.php(266): Cake\Controller\Controller->_loadComponents()
#4 [internal function]: Cake\Controller\Controller->__construct(Object(Cake\Http\ServerRequest), Object(Cake\Http\Response))
#5 C:\xampp\htdocs\comedyworx\vendor\cakephp\cakephp\src\Http\ControllerFactory.php(45): ReflectionClass->newInstance(Object(Cake\Http\ServerRequest), Object(Cake\Http\Response))
#6 C:\xampp\htdocs\comedyworx\vendor\cakephp\cakephp\src\Http\ActionDispatcher.php(90): Cake\Http\ControllerFactory->create(Object(Cake\Http\ServerRequest), Object(Cake\Http\Response))
#7 C:\xampp\htdocs\comedyworx\vendor\cakephp\cakephp\src\Http\BaseApplication.php(108): Cake\Http\ActionDispatcher->dispatch(Object(Cake\Http\ServerRequest), Object(Cake\Http\Response))
#8 C:\xampp\htdocs\comedyworx\vendor\cakephp\cakephp\src\Http\Runner.php(65): Cake\Http\BaseApplication->__invoke(Object(Cake\Http\ServerRequest), Object(Cake\Http\Response), Object(Cake\Http\Runner))
#9 C:\xampp\htdocs\comedyworx\vendor\cakephp\cakephp\src\Routing\Middleware\RoutingMiddleware.php(104): Cake\Http\Runner->__invoke(Object(Cake\Http\ServerRequest), Object(Cake\Http\Response))
#10 C:\xampp\htdocs\comedyworx\vendor\cakephp\cakephp\src\Http\Runner.php(65): Cake\Routing\Middleware\RoutingMiddleware->__invoke(Object(Cake\Http\ServerRequest), Object(Cake\Http\Response), Object(Cake\Http\Runner))
#11 C:\xampp\htdocs\comedyworx\vendor\cakephp\cakephp\src\Routing\Middleware\AssetMiddleware.php(88): Cake\Http\Runner->__invoke(Object(Cake\Http\ServerRequest), Object(Cake\Http\Response))
#12 C:\xampp\htdocs\comedyworx\vendor\cakephp\cakephp\src\Http\Runner.php(65): Cake\Routing\Middleware\AssetMiddleware->__invoke(Object(Cake\Http\ServerRequest), Object(Cake\Http\Response), Object(Cake\Http\Runner))
#13 C:\xampp\htdocs\comedyworx\vendor\cakephp\cakephp\src\Error\Middleware\ErrorHandlerMiddleware.php(98): Cake\Http\Runner->__invoke(Object(Cake\Http\ServerRequest), Object(Cake\Http\Response))
#14 C:\xampp\htdocs\comedyworx\vendor\cakephp\cakephp\src\Http\Runner.php(65): Cake\Error\Middleware\ErrorHandlerMiddleware->__invoke(Object(Cake\Http\ServerRequest), Object(Cake\Http\Response), Object(Cake\Http\Runner))
#15 C:\xampp\htdocs\comedyworx\vendor\cakephp\debug_kit\src\Middleware\DebugKitMiddleware.php(52): Cake\Http\Runner->__invoke(Object(Cake\Http\ServerRequest), Object(Cake\Http\Response))
#16 C:\xampp\htdocs\comedyworx\vendor\cakephp\cakephp\src\Http\Runner.php(65): DebugKit\Middleware\DebugKitMiddleware->__invoke(Object(Cake\Http\ServerRequest), Object(Cake\Http\Response), Object(Cake\Http\Runner))
#17 C:\xampp\htdocs\comedyworx\vendor\cakephp\cakephp\src\Http\Runner.php(51): Cake\Http\Runner->__invoke(Object(Cake\Http\ServerRequest), Object(Cake\Http\Response))
#18 C:\xampp\htdocs\comedyworx\vendor\cakephp\cakephp\src\Http\Server.php(81): Cake\Http\Runner->run(Object(Cake\Http\MiddlewareQueue), Object(Cake\Http\ServerRequest), Object(Cake\Http\Response))
#19 C:\xampp\htdocs\comedyworx\webroot\index.php(40): Cake\Http\Server->run()
#20 {main}


2018-04-09 01:24:47 Error: [Cake\Controller\Exception\MissingComponentException] Component class UserAuthComponent could not be found.
Exception Attributes: array (
  'class' => 'UserAuthComponent',
  'plugin' => 'Usermgmt',
)
Request URL: /
Stack Trace:
#0 C:\xampp\htdocs\comedyworx\vendor\cakephp\cakephp\src\Core\ObjectRegistry.php(94): Cake\Controller\ComponentRegistry->_throwMissingClassError('UserAuth', 'Usermgmt')
#1 C:\xampp\htdocs\comedyworx\vendor\cakephp\cakephp\src\Controller\Controller.php(324): Cake\Core\ObjectRegistry->load('Usermgmt.UserAu...', Array)
#2 C:\xampp\htdocs\comedyworx\vendor\cakephp\cakephp\src\Controller\Controller.php(486): Cake\Controller\Controller->loadComponent('Usermgmt.UserAu...', Array)
#3 C:\xampp\htdocs\comedyworx\vendor\cakephp\cakephp\src\Controller\Controller.php(266): Cake\Controller\Controller->_loadComponents()
#4 [internal function]: Cake\Controller\Controller->__construct(Object(Cake\Http\ServerRequest), Object(Cake\Http\Response))
#5 C:\xampp\htdocs\comedyworx\vendor\cakephp\cakephp\src\Http\ControllerFactory.php(45): ReflectionClass->newInstance(Object(Cake\Http\ServerRequest), Object(Cake\Http\Response))
#6 C:\xampp\htdocs\comedyworx\vendor\cakephp\cakephp\src\Http\ActionDispatcher.php(90): Cake\Http\ControllerFactory->create(Object(Cake\Http\ServerRequest), Object(Cake\Http\Response))
#7 C:\xampp\htdocs\comedyworx\vendor\cakephp\cakephp\src\Http\BaseApplication.php(108): Cake\Http\ActionDispatcher->dispatch(Object(Cake\Http\ServerRequest), Object(Cake\Http\Response))
#8 C:\xampp\htdocs\comedyworx\vendor\cakephp\cakephp\src\Http\Runner.php(65): Cake\Http\BaseApplication->__invoke(Object(Cake\Http\ServerRequest), Object(Cake\Http\Response), Object(Cake\Http\Runner))
#9 C:\xampp\htdocs\comedyworx\vendor\cakephp\cakephp\src\Routing\Middleware\RoutingMiddleware.php(104): Cake\Http\Runner->__invoke(Object(Cake\Http\ServerRequest), Object(Cake\Http\Response))
#10 C:\xampp\htdocs\comedyworx\vendor\cakephp\cakephp\src\Http\Runner.php(65): Cake\Routing\Middleware\RoutingMiddleware->__invoke(Object(Cake\Http\ServerRequest), Object(Cake\Http\Response), Object(Cake\Http\Runner))
#11 C:\xampp\htdocs\comedyworx\vendor\cakephp\cakephp\src\Routing\Middleware\AssetMiddleware.php(88): Cake\Http\Runner->__invoke(Object(Cake\Http\ServerRequest), Object(Cake\Http\Response))
#12 C:\xampp\htdocs\comedyworx\vendor\cakephp\cakephp\src\Http\Runner.php(65): Cake\Routing\Middleware\AssetMiddleware->__invoke(Object(Cake\Http\ServerRequest), Object(Cake\Http\Response), Object(Cake\Http\Runner))
#13 C:\xampp\htdocs\comedyworx\vendor\cakephp\cakephp\src\Error\Middleware\ErrorHandlerMiddleware.php(98): Cake\Http\Runner->__invoke(Object(Cake\Http\ServerRequest), Object(Cake\Http\Response))
#14 C:\xampp\htdocs\comedyworx\vendor\cakephp\cakephp\src\Http\Runner.php(65): Cake\Error\Middleware\ErrorHandlerMiddleware->__invoke(Object(Cake\Http\ServerRequest), Object(Cake\Http\Response), Object(Cake\Http\Runner))
#15 C:\xampp\htdocs\comedyworx\vendor\cakephp\debug_kit\src\Middleware\DebugKitMiddleware.php(52): Cake\Http\Runner->__invoke(Object(Cake\Http\ServerRequest), Object(Cake\Http\Response))
#16 C:\xampp\htdocs\comedyworx\vendor\cakephp\cakephp\src\Http\Runner.php(65): DebugKit\Middleware\DebugKitMiddleware->__invoke(Object(Cake\Http\ServerRequest), Object(Cake\Http\Response), Object(Cake\Http\Runner))
#17 C:\xampp\htdocs\comedyworx\vendor\cakephp\cakephp\src\Http\Runner.php(51): Cake\Http\Runner->__invoke(Object(Cake\Http\ServerRequest), Object(Cake\Http\Response))
#18 C:\xampp\htdocs\comedyworx\vendor\cakephp\cakephp\src\Http\Server.php(81): Cake\Http\Runner->run(Object(Cake\Http\MiddlewareQueue), Object(Cake\Http\ServerRequest), Object(Cake\Http\Response))
#19 C:\xampp\htdocs\comedyworx\webroot\index.php(40): Cake\Http\Server->run()
#20 {main}


2018-04-09 01:24:54 Error: [Cake\Controller\Exception\MissingComponentException] Component class UserAuthComponent could not be found.
Exception Attributes: array (
  'class' => 'UserAuthComponent',
  'plugin' => 'Usermgmt',
)
Request URL: /
Stack Trace:
#0 C:\xampp\htdocs\comedyworx\vendor\cakephp\cakephp\src\Core\ObjectRegistry.php(94): Cake\Controller\ComponentRegistry->_throwMissingClassError('UserAuth', 'Usermgmt')
#1 C:\xampp\htdocs\comedyworx\vendor\cakephp\cakephp\src\Controller\Controller.php(324): Cake\Core\ObjectRegistry->load('Usermgmt.UserAu...', Array)
#2 C:\xampp\htdocs\comedyworx\vendor\cakephp\cakephp\src\Controller\Controller.php(486): Cake\Controller\Controller->loadComponent('Usermgmt.UserAu...', Array)
#3 C:\xampp\htdocs\comedyworx\vendor\cakephp\cakephp\src\Controller\Controller.php(266): Cake\Controller\Controller->_loadComponents()
#4 [internal function]: Cake\Controller\Controller->__construct(Object(Cake\Http\ServerRequest), Object(Cake\Http\Response))
#5 C:\xampp\htdocs\comedyworx\vendor\cakephp\cakephp\src\Http\ControllerFactory.php(45): ReflectionClass->newInstance(Object(Cake\Http\ServerRequest), Object(Cake\Http\Response))
#6 C:\xampp\htdocs\comedyworx\vendor\cakephp\cakephp\src\Http\ActionDispatcher.php(90): Cake\Http\ControllerFactory->create(Object(Cake\Http\ServerRequest), Object(Cake\Http\Response))
#7 C:\xampp\htdocs\comedyworx\vendor\cakephp\cakephp\src\Http\BaseApplication.php(108): Cake\Http\ActionDispatcher->dispatch(Object(Cake\Http\ServerRequest), Object(Cake\Http\Response))
#8 C:\xampp\htdocs\comedyworx\vendor\cakephp\cakephp\src\Http\Runner.php(65): Cake\Http\BaseApplication->__invoke(Object(Cake\Http\ServerRequest), Object(Cake\Http\Response), Object(Cake\Http\Runner))
#9 C:\xampp\htdocs\comedyworx\vendor\cakephp\cakephp\src\Routing\Middleware\RoutingMiddleware.php(104): Cake\Http\Runner->__invoke(Object(Cake\Http\ServerRequest), Object(Cake\Http\Response))
#10 C:\xampp\htdocs\comedyworx\vendor\cakephp\cakephp\src\Http\Runner.php(65): Cake\Routing\Middleware\RoutingMiddleware->__invoke(Object(Cake\Http\ServerRequest), Object(Cake\Http\Response), Object(Cake\Http\Runner))
#11 C:\xampp\htdocs\comedyworx\vendor\cakephp\cakephp\src\Routing\Middleware\AssetMiddleware.php(88): Cake\Http\Runner->__invoke(Object(Cake\Http\ServerRequest), Object(Cake\Http\Response))
#12 C:\xampp\htdocs\comedyworx\vendor\cakephp\cakephp\src\Http\Runner.php(65): Cake\Routing\Middleware\AssetMiddleware->__invoke(Object(Cake\Http\ServerRequest), Object(Cake\Http\Response), Object(Cake\Http\Runner))
#13 C:\xampp\htdocs\comedyworx\vendor\cakephp\cakephp\src\Error\Middleware\ErrorHandlerMiddleware.php(98): Cake\Http\Runner->__invoke(Object(Cake\Http\ServerRequest), Object(Cake\Http\Response))
#14 C:\xampp\htdocs\comedyworx\vendor\cakephp\cakephp\src\Http\Runner.php(65): Cake\Error\Middleware\ErrorHandlerMiddleware->__invoke(Object(Cake\Http\ServerRequest), Object(Cake\Http\Response), Object(Cake\Http\Runner))
#15 C:\xampp\htdocs\comedyworx\vendor\cakephp\debug_kit\src\Middleware\DebugKitMiddleware.php(52): Cake\Http\Runner->__invoke(Object(Cake\Http\ServerRequest), Object(Cake\Http\Response))
#16 C:\xampp\htdocs\comedyworx\vendor\cakephp\cakephp\src\Http\Runner.php(65): DebugKit\Middleware\DebugKitMiddleware->__invoke(Object(Cake\Http\ServerRequest), Object(Cake\Http\Response), Object(Cake\Http\Runner))
#17 C:\xampp\htdocs\comedyworx\vendor\cakephp\cakephp\src\Http\Runner.php(51): Cake\Http\Runner->__invoke(Object(Cake\Http\ServerRequest), Object(Cake\Http\Response))
#18 C:\xampp\htdocs\comedyworx\vendor\cakephp\cakephp\src\Http\Server.php(81): Cake\Http\Runner->run(Object(Cake\Http\MiddlewareQueue), Object(Cake\Http\ServerRequest), Object(Cake\Http\Response))
#19 C:\xampp\htdocs\comedyworx\webroot\index.php(40): Cake\Http\Server->run()
#20 {main}


2018-04-09 01:56:20 Error: [Cake\Controller\Exception\MissingComponentException] Component class UserAuthComponent could not be found.
Exception Attributes: array (
  'class' => 'UserAuthComponent',
  'plugin' => 'Usermgmt',
)
Request URL: /
Stack Trace:
#0 C:\xampp\htdocs\comedyworx\vendor\cakephp\cakephp\src\Core\ObjectRegistry.php(94): Cake\Controller\ComponentRegistry->_throwMissingClassError('UserAuth', 'Usermgmt')
#1 C:\xampp\htdocs\comedyworx\vendor\cakephp\cakephp\src\Controller\Controller.php(324): Cake\Core\ObjectRegistry->load('Usermgmt.UserAu...', Array)
#2 C:\xampp\htdocs\comedyworx\vendor\cakephp\cakephp\src\Controller\Controller.php(486): Cake\Controller\Controller->loadComponent('Usermgmt.UserAu...', Array)
#3 C:\xampp\htdocs\comedyworx\vendor\cakephp\cakephp\src\Controller\Controller.php(266): Cake\Controller\Controller->_loadComponents()
#4 [internal function]: Cake\Controller\Controller->__construct(Object(Cake\Http\ServerRequest), Object(Cake\Http\Response))
#5 C:\xampp\htdocs\comedyworx\vendor\cakephp\cakephp\src\Http\ControllerFactory.php(45): ReflectionClass->newInstance(Object(Cake\Http\ServerRequest), Object(Cake\Http\Response))
#6 C:\xampp\htdocs\comedyworx\vendor\cakephp\cakephp\src\Http\ActionDispatcher.php(90): Cake\Http\ControllerFactory->create(Object(Cake\Http\ServerRequest), Object(Cake\Http\Response))
#7 C:\xampp\htdocs\comedyworx\vendor\cakephp\cakephp\src\Http\BaseApplication.php(108): Cake\Http\ActionDispatcher->dispatch(Object(Cake\Http\ServerRequest), Object(Cake\Http\Response))
#8 C:\xampp\htdocs\comedyworx\vendor\cakephp\cakephp\src\Http\Runner.php(65): Cake\Http\BaseApplication->__invoke(Object(Cake\Http\ServerRequest), Object(Cake\Http\Response), Object(Cake\Http\Runner))
#9 C:\xampp\htdocs\comedyworx\vendor\cakephp\cakephp\src\Routing\Middleware\RoutingMiddleware.php(104): Cake\Http\Runner->__invoke(Object(Cake\Http\ServerRequest), Object(Cake\Http\Response))
#10 C:\xampp\htdocs\comedyworx\vendor\cakephp\cakephp\src\Http\Runner.php(65): Cake\Routing\Middleware\RoutingMiddleware->__invoke(Object(Cake\Http\ServerRequest), Object(Cake\Http\Response), Object(Cake\Http\Runner))
#11 C:\xampp\htdocs\comedyworx\vendor\cakephp\cakephp\src\Routing\Middleware\AssetMiddleware.php(88): Cake\Http\Runner->__invoke(Object(Cake\Http\ServerRequest), Object(Cake\Http\Response))
#12 C:\xampp\htdocs\comedyworx\vendor\cakephp\cakephp\src\Http\Runner.php(65): Cake\Routing\Middleware\AssetMiddleware->__invoke(Object(Cake\Http\ServerRequest), Object(Cake\Http\Response), Object(Cake\Http\Runner))
#13 C:\xampp\htdocs\comedyworx\vendor\cakephp\cakephp\src\Error\Middleware\ErrorHandlerMiddleware.php(98): Cake\Http\Runner->__invoke(Object(Cake\Http\ServerRequest), Object(Cake\Http\Response))
#14 C:\xampp\htdocs\comedyworx\vendor\cakephp\cakephp\src\Http\Runner.php(65): Cake\Error\Middleware\ErrorHandlerMiddleware->__invoke(Object(Cake\Http\ServerRequest), Object(Cake\Http\Response), Object(Cake\Http\Runner))
#15 C:\xampp\htdocs\comedyworx\vendor\cakephp\debug_kit\src\Middleware\DebugKitMiddleware.php(52): Cake\Http\Runner->__invoke(Object(Cake\Http\ServerRequest), Object(Cake\Http\Response))
#16 C:\xampp\htdocs\comedyworx\vendor\cakephp\cakephp\src\Http\Runner.php(65): DebugKit\Middleware\DebugKitMiddleware->__invoke(Object(Cake\Http\ServerRequest), Object(Cake\Http\Response), Object(Cake\Http\Runner))
#17 C:\xampp\htdocs\comedyworx\vendor\cakephp\cakephp\src\Http\Runner.php(51): Cake\Http\Runner->__invoke(Object(Cake\Http\ServerRequest), Object(Cake\Http\Response))
#18 C:\xampp\htdocs\comedyworx\vendor\cakephp\cakephp\src\Http\Server.php(81): Cake\Http\Runner->run(Object(Cake\Http\MiddlewareQueue), Object(Cake\Http\ServerRequest), Object(Cake\Http\Response))
#19 C:\xampp\htdocs\comedyworx\webroot\index.php(40): Cake\Http\Server->run()
#20 {main}


